INFO:root:Client object created
INFO:root:Client object created
INFO:root:Entered the context of a View object
DEBUG:root:Passed View object to IRC Client
DEBUG:root:IRC Client is subscribed to the View (to receive user input)
DEBUG:asyncio:Using proactor: IocpProactor
DEBUG:root:Character int: 94
DEBUG:root:Character int: 90
INFO:root:Client object created
INFO:root:Entered the context of a View object
DEBUG:root:Passed View object to IRC Client
DEBUG:root:IRC Client is subscribed to the View (to receive user input)
DEBUG:asyncio:Using proactor: IocpProactor
DEBUG:root:Character int: 94
DEBUG:root:Character int: 90
INFO:root:Client object created
INFO:root:Entered the context of a View object
DEBUG:root:Passed View object to IRC Client
DEBUG:root:IRC Client is subscribed to the View (to receive user input)
DEBUG:asyncio:Using proactor: IocpProactor
DEBUG:root:Character int: 94
DEBUG:root:Character int: 90
INFO:root:Client object created
INFO:root:Entered the context of a View object
DEBUG:root:Passed View object to IRC Client
INFO:root:Client object created
INFO:root:Entered the context of a View object
DEBUG:root:Passed View object to IRC Client
DEBUG:root:IRC Client is subscribed to the View (to receive user input)
DEBUG:asyncio:Using proactor: IocpProactor
DEBUG:root:Character int: 94
DEBUG:root:Character int: 90
INFO:root:Client object created
INFO:root:Entered the context of a View object
DEBUG:root:Passed View object to IRC Client
DEBUG:root:IRC Client is subscribed to the View (to receive user input)
DEBUG:asyncio:Using proactor: IocpProactor
INFO:root:Client object created
INFO:root:Entered the context of a View object
DEBUG:root:Passed View object to IRC Client
DEBUG:root:IRC Client is subscribed to the View (to receive user input)
DEBUG:asyncio:Using proactor: IocpProactor
DEBUG:root:Character int: 104
DEBUG:root:Character int: 101
DEBUG:root:Character int: 8
DEBUG:root:Character int: 8
DEBUG:root:Character int: 8
DEBUG:root:Character int: 10
DEBUG:root:Input line: he
INFO:root:IRCClient.update -> msg: he
DEBUG:root:Character int: 104
DEBUG:root:Character int: 101
DEBUG:root:Character int: 108
DEBUG:root:Character int: 108
DEBUG:root:Character int: 111
DEBUG:root:Character int: 10
DEBUG:root:Input line: hello
INFO:root:IRCClient.update -> msg: hello
DEBUG:root:Character int: 0
DEBUG:root:Character int: 104
DEBUG:root:Character int: 101
DEBUG:root:Character int: 121
DEBUG:root:Character int: 10
DEBUG:root:Input line: hey
INFO:root:IRCClient.update -> msg: hey
DEBUG:root:Character int: 27
DEBUG:root:Character int: 27
DEBUG:root:Character int: 27
INFO:root:Client object created
INFO:root:Entered the context of a View object
DEBUG:root:Passed View object to IRC Client
DEBUG:root:IRC Client is subscribed to the View (to receive user input)
DEBUG:asyncio:Using proactor: IocpProactor
DEBUG:root:Character int: 99
DEBUG:root:Character int: 107
DEBUG:root:Character int: 101
DEBUG:root:Character int: 97
DEBUG:root:Character int: 114
DEBUG:root:Character int: 10
DEBUG:root:Input line: ckear
INFO:root:IRCClient.update -> msg: ckear
INFO:root:Client object created
INFO:root:Entered the context of a View object
DEBUG:root:Passed View object to IRC Client
DEBUG:root:IRC Client is subscribed to the View (to receive user input)
DEBUG:asyncio:Using proactor: IocpProactor
INFO:root:Client object created
INFO:root:Entered the context of a View object
DEBUG:root:Passed View object to IRC Client
DEBUG:root:IRC Client is subscribed to the View (to receive user input)
DEBUG:asyncio:Using proactor: IocpProactor
INFO:root:Client object created
INFO:root:Entered the context of a View object
DEBUG:root:Passed View object to IRC Client
DEBUG:root:IRC Client is subscribed to the View (to receive user input)
DEBUG:asyncio:Using proactor: IocpProactor
DEBUG:root:Character int: 23
INFO:root:Client object created
INFO:root:Entered the context of a View object
DEBUG:root:Passed View object to IRC Client
DEBUG:root:IRC Client is subscribed to the View (to receive user input)
DEBUG:asyncio:Using proactor: IocpProactor
DEBUG:root:Character int: 14
DEBUG:root:Character int: 14
DEBUG:root:Character int: 14
DEBUG:root:Character int: 23
INFO:root:Client object created
INFO:root:Entered the context of a View object
DEBUG:root:Passed View object to IRC Client
DEBUG:root:IRC Client is subscribed to the View (to receive user input)
DEBUG:asyncio:Using proactor: IocpProactor
